<?xml version="1.0" encoding="UTF-8"?>
<!-- Generated by org.testng.reporters.JUnitReportReporter -->
<testsuite hostname="scl111" name="com.login.co.gmail_login" tests="1" failures="0" timestamp="30 Sep 2016 10:09:45 GMT" time="39.250" errors="0">
  <testcase name="chatlist" time="39.250" classname="com.login.co.gmail_login"/>
</testsuite> <!-- com.login.co.gmail_login -->
